DEBUG:urllib3.connectionpool:Starting new HTTPS connection (1): dnes.bg:443
DEBUG:urllib3.connectionpool:https://dnes.bg:443 "GET / HTTP/11" 301 237
DEBUG:urllib3.connectionpool:Starting new HTTP connection (1): www.dnes.bg:80
DEBUG:urllib3.connectionpool:http://www.dnes.bg:80 "GET / HTTP/11" 301 0
DEBUG:urllib3.connectionpool:Starting new HTTPS connection (1): www.dnes.bg:443
DEBUG:urllib3.connectionpool:https://www.dnes.bg:443 "GET / HTTP/11" 200 None
DEBUG:urllib3.connectionpool:Starting new HTTPS connection (1): amazon.com:443
DEBUG:urllib3.connectionpool:https://amazon.com:443 "GET / HTTP/11" 301 None
DEBUG:urllib3.connectionpool:Starting new HTTPS connection (1): www.amazon.com:443
DEBUG:urllib3.connectionpool:https://www.amazon.com:443 "GET / HTTP/11" 503 None
DEBUG:urllib3.connectionpool:Starting new HTTPS connection (1): dnes.bg:443
DEBUG:urllib3.connectionpool:https://dnes.bg:443 "GET / HTTP/11" 301 237
DEBUG:urllib3.connectionpool:Starting new HTTP connection (1): www.dnes.bg:80
DEBUG:urllib3.connectionpool:http://www.dnes.bg:80 "GET / HTTP/11" 301 0
DEBUG:urllib3.connectionpool:Starting new HTTPS connection (1): www.dnes.bg:443
DEBUG:urllib3.connectionpool:https://www.dnes.bg:443 "GET / HTTP/11" 200 None
DEBUG:urllib3.connectionpool:Starting new HTTPS connection (1): amazon.com:443
DEBUG:urllib3.connectionpool:https://amazon.com:443 "GET / HTTP/11" 301 None
DEBUG:urllib3.connectionpool:Starting new HTTPS connection (1): www.amazon.com:443
DEBUG:urllib3.connectionpool:https://www.amazon.com:443 "GET / HTTP/11" 503 None
DEBUG:urllib3.connectionpool:Starting new HTTPS connection (1): dnes.bg:443
DEBUG:urllib3.connectionpool:https://dnes.bg:443 "GET / HTTP/11" 301 237
DEBUG:urllib3.connectionpool:Starting new HTTP connection (1): www.dnes.bg:80
DEBUG:urllib3.connectionpool:http://www.dnes.bg:80 "GET / HTTP/11" 301 0
DEBUG:urllib3.connectionpool:Starting new HTTPS connection (1): www.dnes.bg:443
DEBUG:urllib3.connectionpool:https://www.dnes.bg:443 "GET / HTTP/11" 200 None
DEBUG:urllib3.connectionpool:Starting new HTTPS connection (1): amazon.com:443
DEBUG:urllib3.connectionpool:https://amazon.com:443 "GET / HTTP/11" 301 None
DEBUG:urllib3.connectionpool:Starting new HTTPS connection (1): www.amazon.com:443
DEBUG:urllib3.connectionpool:https://www.amazon.com:443 "GET / HTTP/11" 503 None
DEBUG:urllib3.connectionpool:Starting new HTTPS connection (1): dnes.bg:443
DEBUG:urllib3.connectionpool:https://dnes.bg:443 "GET / HTTP/11" 301 237
DEBUG:urllib3.connectionpool:Starting new HTTP connection (1): www.dnes.bg:80
DEBUG:urllib3.connectionpool:http://www.dnes.bg:80 "GET / HTTP/11" 301 0
DEBUG:urllib3.connectionpool:Starting new HTTPS connection (1): www.dnes.bg:443
DEBUG:urllib3.connectionpool:https://www.dnes.bg:443 "GET / HTTP/11" 200 None
DEBUG:urllib3.connectionpool:Starting new HTTPS connection (1): amazon.com:443
DEBUG:urllib3.connectionpool:https://amazon.com:443 "GET / HTTP/11" 301 None
DEBUG:urllib3.connectionpool:Starting new HTTPS connection (1): www.amazon.com:443
DEBUG:urllib3.connectionpool:https://www.amazon.com:443 "GET / HTTP/11" 503 None
DEBUG:urllib3.connectionpool:Starting new HTTPS connection (1): dnes.bg:443
DEBUG:urllib3.connectionpool:https://dnes.bg:443 "GET / HTTP/11" 301 237
DEBUG:urllib3.connectionpool:Starting new HTTP connection (1): www.dnes.bg:80
DEBUG:urllib3.connectionpool:http://www.dnes.bg:80 "GET / HTTP/11" 301 0
DEBUG:urllib3.connectionpool:Starting new HTTPS connection (1): www.dnes.bg:443
DEBUG:urllib3.connectionpool:https://www.dnes.bg:443 "GET / HTTP/11" 200 None
DEBUG:urllib3.connectionpool:Starting new HTTPS connection (1): amazon.com:443
DEBUG:urllib3.connectionpool:https://amazon.com:443 "GET / HTTP/11" 301 None
DEBUG:urllib3.connectionpool:Starting new HTTPS connection (1): www.amazon.com:443
DEBUG:urllib3.connectionpool:https://www.amazon.com:443 "GET / HTTP/11" 503 None
DEBUG:urllib3.connectionpool:Starting new HTTPS connection (1): dnes.bg:443
DEBUG:urllib3.connectionpool:https://dnes.bg:443 "GET / HTTP/11" 301 237
DEBUG:urllib3.connectionpool:Starting new HTTP connection (1): www.dnes.bg:80
DEBUG:urllib3.connectionpool:http://www.dnes.bg:80 "GET / HTTP/11" 301 0
DEBUG:urllib3.connectionpool:Starting new HTTPS connection (1): www.dnes.bg:443
DEBUG:urllib3.connectionpool:https://www.dnes.bg:443 "GET / HTTP/11" 200 None
DEBUG:urllib3.connectionpool:Starting new HTTPS connection (1): amazon.com:443
DEBUG:urllib3.connectionpool:https://amazon.com:443 "GET / HTTP/11" 301 None
DEBUG:urllib3.connectionpool:Starting new HTTPS connection (1): www.amazon.com:443
DEBUG:urllib3.connectionpool:https://www.amazon.com:443 "GET / HTTP/11" 503 None
DEBUG:urllib3.connectionpool:Starting new HTTPS connection (1): dnes.bg:443
DEBUG:urllib3.connectionpool:https://dnes.bg:443 "GET / HTTP/11" 301 237
DEBUG:urllib3.connectionpool:Starting new HTTP connection (1): www.dnes.bg:80
DEBUG:urllib3.connectionpool:http://www.dnes.bg:80 "GET / HTTP/11" 301 0
DEBUG:urllib3.connectionpool:Starting new HTTPS connection (1): www.dnes.bg:443
DEBUG:urllib3.connectionpool:https://www.dnes.bg:443 "GET / HTTP/11" 200 None
DEBUG:urllib3.connectionpool:Starting new HTTPS connection (1): amazon.com:443
DEBUG:urllib3.connectionpool:https://amazon.com:443 "GET / HTTP/11" 301 None
DEBUG:urllib3.connectionpool:Starting new HTTPS connection (1): www.amazon.com:443
DEBUG:urllib3.connectionpool:https://www.amazon.com:443 "GET / HTTP/11" 503 None
DEBUG:urllib3.connectionpool:Starting new HTTPS connection (1): dnes.bg:443
DEBUG:urllib3.connectionpool:https://dnes.bg:443 "GET / HTTP/11" 301 237
DEBUG:urllib3.connectionpool:Starting new HTTP connection (1): www.dnes.bg:80
DEBUG:urllib3.connectionpool:http://www.dnes.bg:80 "GET / HTTP/11" 301 0
DEBUG:urllib3.connectionpool:Starting new HTTPS connection (1): www.dnes.bg:443
DEBUG:urllib3.connectionpool:https://www.dnes.bg:443 "GET / HTTP/11" 200 None
DEBUG:urllib3.connectionpool:Starting new HTTPS connection (1): amazon.com:443
DEBUG:urllib3.connectionpool:https://amazon.com:443 "GET / HTTP/11" 301 None
DEBUG:urllib3.connectionpool:Starting new HTTPS connection (1): www.amazon.com:443
DEBUG:urllib3.connectionpool:https://www.amazon.com:443 "GET / HTTP/11" 503 None
DEBUG:urllib3.connectionpool:Starting new HTTPS connection (1): dnes.bg:443
DEBUG:urllib3.connectionpool:https://dnes.bg:443 "GET / HTTP/11" 301 237
DEBUG:urllib3.connectionpool:Starting new HTTP connection (1): www.dnes.bg:80
DEBUG:urllib3.connectionpool:http://www.dnes.bg:80 "GET / HTTP/11" 301 0
DEBUG:urllib3.connectionpool:Starting new HTTPS connection (1): www.dnes.bg:443
DEBUG:urllib3.connectionpool:https://www.dnes.bg:443 "GET / HTTP/11" 200 None
DEBUG:urllib3.connectionpool:Starting new HTTPS connection (1): amazon.com:443
DEBUG:urllib3.connectionpool:https://amazon.com:443 "GET / HTTP/11" 301 None
DEBUG:urllib3.connectionpool:Starting new HTTPS connection (1): www.amazon.com:443
DEBUG:urllib3.connectionpool:https://www.amazon.com:443 "GET / HTTP/11" 503 None
DEBUG:urllib3.connectionpool:Starting new HTTPS connection (1): dnes.bg:443
DEBUG:urllib3.connectionpool:https://dnes.bg:443 "GET / HTTP/11" 301 237
DEBUG:urllib3.connectionpool:Starting new HTTP connection (1): www.dnes.bg:80
DEBUG:urllib3.connectionpool:http://www.dnes.bg:80 "GET / HTTP/11" 301 0
DEBUG:urllib3.connectionpool:Starting new HTTPS connection (1): www.dnes.bg:443
DEBUG:urllib3.connectionpool:https://www.dnes.bg:443 "GET / HTTP/11" 200 None
DEBUG:urllib3.connectionpool:Starting new HTTPS connection (1): amazon.com:443
DEBUG:urllib3.connectionpool:https://amazon.com:443 "GET / HTTP/11" 301 None
DEBUG:urllib3.connectionpool:Starting new HTTPS connection (1): www.amazon.com:443
DEBUG:urllib3.connectionpool:https://www.amazon.com:443 "GET / HTTP/11" 503 None
DEBUG:urllib3.connectionpool:Starting new HTTPS connection (1): dnes.bg:443
DEBUG:urllib3.connectionpool:https://dnes.bg:443 "GET / HTTP/11" 301 237
DEBUG:urllib3.connectionpool:Starting new HTTP connection (1): www.dnes.bg:80
DEBUG:urllib3.connectionpool:http://www.dnes.bg:80 "GET / HTTP/11" 301 0
DEBUG:urllib3.connectionpool:Starting new HTTPS connection (1): www.dnes.bg:443
DEBUG:urllib3.connectionpool:https://www.dnes.bg:443 "GET / HTTP/11" 200 None
DEBUG:urllib3.connectionpool:Starting new HTTPS connection (1): amazon.com:443
DEBUG:urllib3.connectionpool:https://amazon.com:443 "GET / HTTP/11" 301 None
DEBUG:urllib3.connectionpool:Starting new HTTPS connection (1): www.amazon.com:443
DEBUG:urllib3.connectionpool:https://www.amazon.com:443 "GET / HTTP/11" 503 None
DEBUG:urllib3.connectionpool:Starting new HTTPS connection (1): dnes.bg:443
DEBUG:urllib3.connectionpool:https://dnes.bg:443 "GET / HTTP/11" 301 237
DEBUG:urllib3.connectionpool:Starting new HTTP connection (1): www.dnes.bg:80
DEBUG:urllib3.connectionpool:http://www.dnes.bg:80 "GET / HTTP/11" 301 0
DEBUG:urllib3.connectionpool:Starting new HTTPS connection (1): www.dnes.bg:443
DEBUG:urllib3.connectionpool:https://www.dnes.bg:443 "GET / HTTP/11" 200 None
DEBUG:urllib3.connectionpool:Starting new HTTPS connection (1): amazon.com:443
DEBUG:urllib3.connectionpool:https://amazon.com:443 "GET / HTTP/11" 301 None
DEBUG:urllib3.connectionpool:Starting new HTTPS connection (1): www.amazon.com:443
DEBUG:urllib3.connectionpool:https://www.amazon.com:443 "GET / HTTP/11" 503 None
DEBUG:urllib3.connectionpool:Starting new HTTPS connection (1): dnes.bg:443
DEBUG:urllib3.connectionpool:https://dnes.bg:443 "GET / HTTP/11" 301 237
DEBUG:urllib3.connectionpool:Starting new HTTP connection (1): www.dnes.bg:80
DEBUG:urllib3.connectionpool:http://www.dnes.bg:80 "GET / HTTP/11" 301 0
DEBUG:urllib3.connectionpool:Starting new HTTPS connection (1): www.dnes.bg:443
DEBUG:urllib3.connectionpool:https://www.dnes.bg:443 "GET / HTTP/11" 200 None
DEBUG:urllib3.connectionpool:Starting new HTTPS connection (1): amazon.com:443
DEBUG:urllib3.connectionpool:https://amazon.com:443 "GET / HTTP/11" 301 None
DEBUG:urllib3.connectionpool:Starting new HTTPS connection (1): www.amazon.com:443
DEBUG:urllib3.connectionpool:https://www.amazon.com:443 "GET / HTTP/11" 503 None
DEBUG:urllib3.connectionpool:Starting new HTTPS connection (1): dnes.bg:443
DEBUG:urllib3.connectionpool:https://dnes.bg:443 "GET / HTTP/11" 301 237
DEBUG:urllib3.connectionpool:Starting new HTTP connection (1): www.dnes.bg:80
DEBUG:urllib3.connectionpool:http://www.dnes.bg:80 "GET / HTTP/11" 301 0
DEBUG:urllib3.connectionpool:Starting new HTTPS connection (1): www.dnes.bg:443
DEBUG:urllib3.connectionpool:https://www.dnes.bg:443 "GET / HTTP/11" 200 None
DEBUG:urllib3.connectionpool:Starting new HTTPS connection (1): amazon.com:443
DEBUG:urllib3.connectionpool:https://amazon.com:443 "GET / HTTP/11" 301 None
DEBUG:urllib3.connectionpool:Starting new HTTPS connection (1): www.amazon.com:443
DEBUG:urllib3.connectionpool:https://www.amazon.com:443 "GET / HTTP/11" 503 1203
DEBUG:urllib3.connectionpool:Starting new HTTPS connection (1): dnes.bg:443
DEBUG:urllib3.connectionpool:https://dnes.bg:443 "GET / HTTP/11" 301 237
DEBUG:urllib3.connectionpool:Starting new HTTP connection (1): www.dnes.bg:80
DEBUG:urllib3.connectionpool:http://www.dnes.bg:80 "GET / HTTP/11" 301 0
DEBUG:urllib3.connectionpool:Starting new HTTPS connection (1): www.dnes.bg:443
DEBUG:urllib3.connectionpool:https://www.dnes.bg:443 "GET / HTTP/11" 200 None
DEBUG:urllib3.connectionpool:Starting new HTTPS connection (1): amazon.com:443
DEBUG:urllib3.connectionpool:https://amazon.com:443 "GET / HTTP/11" 301 None
DEBUG:urllib3.connectionpool:Starting new HTTPS connection (1): www.amazon.com:443
DEBUG:urllib3.connectionpool:https://www.amazon.com:443 "GET / HTTP/11" 503 None
DEBUG:urllib3.connectionpool:Starting new HTTPS connection (1): dnes.bg:443
DEBUG:urllib3.connectionpool:https://dnes.bg:443 "GET / HTTP/11" 301 237
DEBUG:urllib3.connectionpool:Starting new HTTP connection (1): www.dnes.bg:80
DEBUG:urllib3.connectionpool:http://www.dnes.bg:80 "GET / HTTP/11" 301 0
DEBUG:urllib3.connectionpool:Starting new HTTPS connection (1): www.dnes.bg:443
DEBUG:urllib3.connectionpool:https://www.dnes.bg:443 "GET / HTTP/11" 200 None
DEBUG:urllib3.connectionpool:Starting new HTTPS connection (1): amazon.com:443
DEBUG:urllib3.connectionpool:https://amazon.com:443 "GET / HTTP/11" 301 None
DEBUG:urllib3.connectionpool:Starting new HTTPS connection (1): www.amazon.com:443
DEBUG:urllib3.connectionpool:https://www.amazon.com:443 "GET / HTTP/11" 503 None
DEBUG:urllib3.connectionpool:Starting new HTTPS connection (1): dnes.bg:443
DEBUG:urllib3.connectionpool:https://dnes.bg:443 "GET / HTTP/11" 301 237
DEBUG:urllib3.connectionpool:Starting new HTTP connection (1): www.dnes.bg:80
DEBUG:urllib3.connectionpool:http://www.dnes.bg:80 "GET / HTTP/11" 301 0
DEBUG:urllib3.connectionpool:Starting new HTTPS connection (1): www.dnes.bg:443
DEBUG:urllib3.connectionpool:https://www.dnes.bg:443 "GET / HTTP/11" 200 None
DEBUG:urllib3.connectionpool:Starting new HTTPS connection (1): amazon.com:443
DEBUG:urllib3.connectionpool:https://amazon.com:443 "GET / HTTP/11" 301 None
DEBUG:urllib3.connectionpool:Starting new HTTPS connection (1): www.amazon.com:443
DEBUG:urllib3.connectionpool:https://www.amazon.com:443 "GET / HTTP/11" 503 None
DEBUG:urllib3.connectionpool:Starting new HTTPS connection (1): dnes.bg:443
DEBUG:urllib3.connectionpool:https://dnes.bg:443 "GET / HTTP/11" 301 237
DEBUG:urllib3.connectionpool:Starting new HTTP connection (1): www.dnes.bg:80
DEBUG:urllib3.connectionpool:http://www.dnes.bg:80 "GET / HTTP/11" 301 0
DEBUG:urllib3.connectionpool:Starting new HTTPS connection (1): www.dnes.bg:443
DEBUG:urllib3.connectionpool:https://www.dnes.bg:443 "GET / HTTP/11" 200 None
DEBUG:urllib3.connectionpool:Starting new HTTPS connection (1): amazon.com:443
DEBUG:urllib3.connectionpool:https://amazon.com:443 "GET / HTTP/11" 301 None
DEBUG:urllib3.connectionpool:Starting new HTTPS connection (1): www.amazon.com:443
DEBUG:urllib3.connectionpool:https://www.amazon.com:443 "GET / HTTP/11" 503 None
DEBUG:urllib3.connectionpool:Starting new HTTPS connection (1): dnes.bg:443
DEBUG:urllib3.connectionpool:https://dnes.bg:443 "GET / HTTP/11" 301 237
DEBUG:urllib3.connectionpool:Starting new HTTP connection (1): www.dnes.bg:80
DEBUG:urllib3.connectionpool:http://www.dnes.bg:80 "GET / HTTP/11" 301 0
DEBUG:urllib3.connectionpool:Starting new HTTPS connection (1): www.dnes.bg:443
DEBUG:urllib3.connectionpool:https://www.dnes.bg:443 "GET / HTTP/11" 200 None
DEBUG:urllib3.connectionpool:Starting new HTTPS connection (1): amazon.com:443
DEBUG:urllib3.connectionpool:https://amazon.com:443 "GET / HTTP/11" 301 None
DEBUG:urllib3.connectionpool:Starting new HTTPS connection (1): www.amazon.com:443
DEBUG:urllib3.connectionpool:https://www.amazon.com:443 "GET / HTTP/11" 503 None
DEBUG:urllib3.connectionpool:Starting new HTTPS connection (1): dnes.bg:443
DEBUG:urllib3.connectionpool:https://dnes.bg:443 "GET / HTTP/11" 301 237
DEBUG:urllib3.connectionpool:Starting new HTTP connection (1): www.dnes.bg:80
DEBUG:urllib3.connectionpool:http://www.dnes.bg:80 "GET / HTTP/11" 301 0
DEBUG:urllib3.connectionpool:Starting new HTTPS connection (1): www.dnes.bg:443
DEBUG:urllib3.connectionpool:https://www.dnes.bg:443 "GET / HTTP/11" 200 None
DEBUG:urllib3.connectionpool:Starting new HTTPS connection (1): amazon.com:443
DEBUG:urllib3.connectionpool:https://amazon.com:443 "GET / HTTP/11" 301 None
DEBUG:urllib3.connectionpool:Starting new HTTPS connection (1): www.amazon.com:443
DEBUG:urllib3.connectionpool:https://www.amazon.com:443 "GET / HTTP/11" 503 None
DEBUG:urllib3.connectionpool:Starting new HTTPS connection (1): dnes.bg:443
DEBUG:urllib3.connectionpool:https://dnes.bg:443 "GET / HTTP/11" 301 237
DEBUG:urllib3.connectionpool:Starting new HTTP connection (1): www.dnes.bg:80
DEBUG:urllib3.connectionpool:http://www.dnes.bg:80 "GET / HTTP/11" 301 0
DEBUG:urllib3.connectionpool:Starting new HTTPS connection (1): www.dnes.bg:443
DEBUG:urllib3.connectionpool:https://www.dnes.bg:443 "GET / HTTP/11" 200 None
DEBUG:urllib3.connectionpool:Starting new HTTPS connection (1): amazon.com:443
DEBUG:urllib3.connectionpool:https://amazon.com:443 "GET / HTTP/11" 301 None
DEBUG:urllib3.connectionpool:Starting new HTTPS connection (1): www.amazon.com:443
DEBUG:urllib3.connectionpool:https://www.amazon.com:443 "GET / HTTP/11" 503 None
DEBUG:urllib3.connectionpool:Starting new HTTPS connection (1): dnes.bg:443
DEBUG:urllib3.connectionpool:https://dnes.bg:443 "GET / HTTP/11" 301 237
DEBUG:urllib3.connectionpool:Starting new HTTP connection (1): www.dnes.bg:80
DEBUG:urllib3.connectionpool:http://www.dnes.bg:80 "GET / HTTP/11" 301 0
DEBUG:urllib3.connectionpool:Starting new HTTPS connection (1): www.dnes.bg:443
DEBUG:urllib3.connectionpool:https://www.dnes.bg:443 "GET / HTTP/11" 200 None
DEBUG:urllib3.connectionpool:Starting new HTTPS connection (1): amazon.com:443
DEBUG:urllib3.connectionpool:https://amazon.com:443 "GET / HTTP/11" 301 None
DEBUG:urllib3.connectionpool:Starting new HTTPS connection (1): www.amazon.com:443
DEBUG:urllib3.connectionpool:https://www.amazon.com:443 "GET / HTTP/11" 503 None
